[   0.000000] Initializing cgroup subsys cpuset
[    0.000000] Initializing cgroup subsys cpu
[    0.000000] Initializing cgroup subsys cpuacct
[    0.000000] Linux version 4.4.0-104-generic (buildd@lgw01-amd64-022) (gcc version 5.4.0 20160609 (Ubuntu 5.4.0-6ubuntu1~16.04.5) ) #127-Ubuntu SMP Mon Dec 11 12:16:42 UTC 2017 (Ubuntu 4.4.0-104.127-generic 4.4.98)
[    0.000000] Command line: BOOT_IMAGE=/boot/vmlinuz-4.4.0-104-generic root=LABEL=cloudimg-rootfs ro console=tty1 console=ttyS0
[    0.000000] KERNEL supported cpus:
[    0.000000]   Intel GenuineIntel
[    0.000000]   AMD AuthenticAMD
[    0.000000  entar ntrHaus   0.0000] 6/pu: xtate_offset[2]:  576, xstate_sizes[2]:  256
[    0.000000] x86/fpu: Supporting XSAVE feature 0x01: 'x87 floating point registers'
[    0.000000] x86/fpu: Supporting XSAVE feature 0x02: 'SSE registers'
[    0.000000] x86/fpu: Supporting XSAVE feature 0x04: 'AVX registers'
[    0.000000] x86/fpu: Enabled xstate features 0x7, context size is 832 bytes, using 'standard' format.
[    0.000000] x86/fpu: Using 'lazy' FPU context switches.
[    0.000000] e820: BIOS-provided physical RAM map:
[    0.000000] BIOS-e820: [mem 0x0000000000000000-0x000000000009fbff] usable
[    0.000000] BIOS-e820: [mem 0x000000000009fc00-0x000000000009ffff] reserved
[    0.000000] BIOS-e820: [mem 0x00000000000f0000-0x00000000000fffff] reserved
[    0.000000] BIOS-e820: [mem 0x0000000000100000-0x000000003ffeffff] usable
[    0.000000] BIOS-e820: [mem 0x000000003fff0000-0x000000003fffffff] ACPI data
[    0.000000] BIOS-e820: [mem 0x00000000fec00000-0x00000000fec00fff] reserved
[    0.000000] BIOS-e820: [mem 0x00000000fee00000-0x00000000fee00fff] reserved
[    0.000000] BIOS-e820: [mem 0x00000000fffc0000-0x00000000ffffffff] reserved
[    0.000000] NX (Execute Disable) protection: active
[    0.000000] SMBIOS 2.5 present.
[    0.000000] Hypervisor deected: KVM
[    0.000000] e820: last_pfn = 0x3fff0 max_arch_pfn = 0x400000000
[    0.000000] MTRR: Disabled
[    0.000000] x86/PAT: MTRRs disabled, skipping PAT initialization too.
[    0.000000] CPU MTRRs all blank - virtualized system.
[    0.000000] x86/PAT: Configuration [0-7]: WB  WT  UC- UC  WB  WT  UC- UC  
[    0.000000] found SMP MP-table at [mem 0x0009fff0-0x0009ffff] mapped at [ffff88000009fff0]
[    0.000000] Scanning 1 areas for low memory corruption
[    0.000000] RAMDISK: [mem 0x36ada000-0x37564fff]
[    0.000000] ACPI: Early table checksum verification dsaed
[    0.000000] ACPI: RSDP 0x00000000000E0000 000024 (v02 VBOX  )
[    0.000000] ACPI: XSDT 0x000000003FFF003000C v01 OX  OXSDT 00000001 ASL  00000061)
[    0.000000] ACPI: FACP 0x000000003FFF00F0 0000F4 (v04 VBOX   VBOXFACP 00000001 ASL  00000061)
[    0.000000] ACPI: DSDT 0x000000003FFF0470 0021FF (v02 VBOX   VBOXBIOS 00000002 INTL 20160108)
[    0.000000] ACPI: FACS 0x000000003FFF0200 000040
[    0.000000] ACPI: FACS 0x000000003FFF0200 000040
[    0.000000] ACPI: APIC 0x000000003FFF0240 00005C (v02 VBOX   VBOXAPIC 00000001 ASL  00000061)
[    0.000000] ACPI: SSDT 0x000000003FF02 01C (v01 VBOX   VBOXCPUT 00000002 INTL 20160108)
[    0.000000] No NUMA configuration found
[    0.000000] Faking a node at [mem 0x0000000000000000-0x000000003ffeffff]
[    0.000000] NODE_DATA(0) allocated [mem 0x3ffeb000-0x3ffeffff]
[    0.000000] kvm-clock: Using msrs 4b564d01 and 4b564d00
[    0.000000] kvm-clock: cpu 0, msr 0:3ffe3001, primary cpu clock
[    0.000000] kvm-clock: using sched offset of 3235570350 cycles
[    0.000000] clocksource: kvm-clock: mask: 0xffffffffffffffff max_cycles: 0x1cd42e4dffb, max_idle_ns: 881590591483 ns
[    0.000000] Zone ranges:
[    0.000000]   DMA      [mem 0x0000000000001000-0x0000000000ffffff]
[    0.000000]   DMA32    [mem 0x0000000001000000-0x000000003ffeffff]
[    0.0000  Normal   empty
[    0.000000]   Device   empty
[    0.000000] Movable zone start for each node
[    0.000000] Early memory node ranges
[    0.000000]   node   0: [mem 0x0000000000001000-0x000000000009efff]
[    0.000000]   node   0: [mem 0x0000000000100000-0x0000003efff]
[    0.000000] Initmem setup node 0 [mem 0x0000000000001000-0x000000003ffeffff]
[    0.000000] ACPI: PM-Timer IO Port: 0x4008
[    0.000000] IOAPIC[0]: apic_id 2, version 32, address 0xfec00000, GSI 0-23
[    0.000000] ACPI: INT_SRC_OVR (bus 0 bus_irq 0 global_irq 2 dfl dfl)
[    0.000000] ACPI: INT_SRC_OVR (bus 0 bus_irq 9 global_irq 9 low level)
[    0.000000] Using ACPI (MADT) for SMP configuration information
[    0.000000] smpboot: Allowing 2 CPUs, 0 hotplug CPUs
[    0.000000] PM: Registered nosave memory: [mem 0x00000000-0x00000ff
   0.0000 P: Regited save memory: [mem 0x0009f000-0x0009ffff]
[    0.000000] PM: Registered nosave memory: [mem 0x000a0000-0x000effff]
[    0.000000] PM: Registered nosave memory: [mem 0x000f0000-0x000fffff]
[    0.000000] e820: [mem 0x40000000-0xfebfffff] available for PCI devices
[    0.000000] Booting paravirtualized kernel on KVM
[    0.000000] clocksource: refined-jiffies: mask: 0xffffffff max_cycles: 0xffffffff, max_idle_ns: 7645519600211568 ns
[    0.000000] setup_percpu: NR_CPUS:512 nr_cpumask_bits:512 nr_cpu_ids:2 nr_node_ids:1
[    0.000000] PERCPU: Embedded 33 pages/cpu @ffff88003fc00000 s98200 r8192 d28776 u1048576
[    0.000000] PV qspinlock hash table entries: 256 (order: 0, 4096 bytes)
[    0.000000] Built 1 zonelists in Node order, mobility grouping on.  Total pages: 257913
[    0.000000] Policy zone: DMA32
[    0.000000] Kernel command line: BOOT_IMAGE=/boot/vmlinuz-4.4.0-14-enicroot=LBEcldig-rootfs ro console=tty1 console=ttyS0
[    0.000000] PID hash table entries: 4096 (order: 3, 32768 bytes)
[    0.000000] Mmo: 01776K/1810Kavailable (8485K keelco, 1295 rat 3988K rodata, 1492K init, 1316K bss, 46344K reserved, 0K cma-reserved)
[    0.000000] SLUB: HWalign=64, Order=0-3, MinObjects=0, CPUs=2, Nodes=1
[    0.000000] Hierarchical RCU implementation.
[    0.000000] 	Build-time adjustment of leaf fanout to 64.
[    0.000000] 	RCU restricting CPUs from NR_CPUS=512 to nr_cpu_ids=2.
[    0.000000] RCU: Adjusting geometry for rcu_fanout_leaf=64, nr_cpu_ids=2
[    0.000000] NR_IRQS:33024 nr_irqs:440 16
[    0.000000] Console: colour VGA+ 80x25
[    0.000000] console [tty1] enabled
[    0.000000] console [ttyS0] enabled
[    0.000000] tsc: Detected 3392.152 MHz processor
[    1.148545] Calibrating delay loop (skipped) preset value.. 6784.30 BogoMIPS (lpj=13568608)
[   .157] pid_max: default: 32768 minimum: 301
[    1.234500] ACPI: Core revision 20150930
[    1.241244] ACPI: 2 ACPI AML tables successfully acquired and loaded
[    1.259780] Security Framework initialized
[    1.264341] Yama: becoming mindful.
[    1.264817] AppArmor: AppArmor initialized
[    1.265394] Dentry cache hash table entries: 131072 (order: 8, 1048576 bytes)
[    1.266248] Inode-cache hash table entries: 65536 (order: 7, 524288 bytes)
[    1.267393] Mount-cache hash table entries: 2048 (order: 2, 16384 bytes)
[    1.269277] Mountpoint-cache hash table entries: 2048 (order: 2, 16384 bytes)
[    1.270141] Initializing cgroup subsys io
[    1.270642] Initializing cgroup subsys memory
[    1.271166] Initializing cgroup subsys devices
[    1.271708] Initializing cgroup subsys freezer
[    1.272252] Initializing cgroup subsys net_cls
[    1.272781] Initializing cgroup subsys perf_event
[    1.273401] Initializing cgroup subsys net_prio
[    1.273938] Initializing cgroup subsys hugetlb
[    1.274466] Initializing cgroup subsys pids
[    1.275030] CPU: Physical Processor ID: 0
[    1.275525] CPU: Processor Core ID: 0
[    1.277837] mce: CPU supports 0 MCE banks
[    1.299433] Last level iTLB entries: 4KB 1024, 2MB 1024, 4MB 1024
[    1.305364] Last level dTLB entries: 4KB 1024, 2MB 1024, 4MB 1024, 1GB 4
[    1.307465] Freeing SMP alternatives memory: 32K
[    1.357587] ftrace: allocating 32158 entries in 126 pages
[    1.456840] smpboot: APIC(0) Converting physical 0 to logical package 0
[    1.462959] smpboot: Max logical packages: 1
[    1.463767] x2apic enabled
[    1.464385] Switched APIC routing to physical x2apic.
[    1.465882] ..TIMER: vector=0x30 apic1=0 pin1=2 apic2=-1 pin2=-1
[    1.616057] smpboot: CPU0: Intel(R) Core(TM) i7-4770 CPU @ 3.40GHz (family: 0x6, model: 0x3c, stepping: 0x3)
[    1.719197] Performance Events: unsupported p6 CPU model 60 no PMU driver, software events only.
[    1.720345] KVM setup paravirtual spinlock
[    1.721432] x86: Booting SMP configuration:
[    1.759404] .... node  #0, CPUs:      #1
[    1.761073] kvm-clock: cpu 1, msr 0:3ffe3041, secondary cpu clock
[    1.817803] mce: CPU supports 0 MCE banks
[    1.831228] x86: Booted up 1 node, 2 CPUs
[    1.841163] smpboot: Total of 2 processors activated (13568.60 BogoMIPS)
[    1.842293] devtmpfs: initialized
[    1.844892] evm: security.selinux
[    1.845350] evm: security.SMACK64
[    1.845792] evm: security.SMACK64EXEC
[    1.846257] evm: security.SMACK64TRANSMUTE
[    1.846762] evm: security.SMACK64MMAP
[    1.847214] evm: security.ima
[    1.847638] evm: security.capability
[    1.848282] clocksource: jiffies: mask: 0xffffffff max_cycles: 0xffffffff, max_idle_ns: 7645041785100000 ns
[    1.849349] futex hash table entries: 512 (order: 3, 32768 bytes)
[    1.850083] pinctrl core: initialized pinctrl subsystem
[    1.850744] RTC time: 23:40:42, date: 01/05/18
[    1.851810] NET: Registered protocol family 16
[    1.864494] cpuidle: using governor ladder
[    1.920070] cpuidle: using governor menu
[    1.925855] PCCT header not found.
[    1.928593] ACPI: bus type PCI registered
[    1.929092] acpiphp: ACPI Hot Plug PCI Controller Driver version: 0.5
[    1.960684] PCI: Using configuration type 1 for base access
[    1.976702] ACPI: Added _OSI(Module Device)
[    2.024726] ACPI: Added _OSI(Processor Device)
[    2.043925] ACPI: Added _OSI(3.0 _SCP Extensions)
[    2.067858] ACPI: Added _OSI(Processor Aggregator Device)
[    2.073769] ACPI: Executed 1 blocks of module-level executable AML code
[    2.145662] ACPI: Interpreter enabled
[    2.181346] ACPI: (supports S0 S5)
[    2.211533] ACPI: Using IOAPIC for interrupt routing
[    2.212370] PCI: Using host bridge windows from ACPI; if necessary, use "pci=nocrs" and report a bug
[    2.235894] ACPI: PCI Root Bridge [PCI0] (domain 0000 [bus 00-ff])
[    2.283701] acpi PNP0A03:00: _OSC: OS supports [ASPM ClockPM Segments MSI]
[    2.301835] acpi PNP0A03:00: _OSC: not requesting OS control; OS requires [ExtendedConfig ASPM ClockPM MSI]
[    2.328505] acpi PNP0A03:00: fail to add MMCONFIG information, can't access extended PCI configuration space under this bridge.
[    2.330160] PCI host bridge to bus 0000:00
[    2.339469] pci_bus 0000:00: root bus resource [io  0x0000-0x0cf7 window]
[    2.340331] pci_bus 0000:00: root bus resource [io  0x0d00-0xffff window]
[    2.341187] pci_bus 0000:00: root bus resource [mem 0x000a0000-0x000bffff window]
[    2.342368] pci_bus 0000:00: root bus resource [mem 0x40000000-0xfdffffff window]
[    2.429018] pci_bus 0000:00: root bus resource [bus 00-ff]
[    2.442752] pci 0000:00:01.1: legacy IDE quirk: reg 0x10: [io  0x01f0-0x01f7]
[    2.444688] pci 0000:00:01.1: legacy IDE quirk: reg 0x14: [io  0x03f6]
[    2.445481] pci 0000:00:01.1: legacy IDE quirk: reg 0x18: [io  0x0170-0x0177]
[    2.446326] pci 0000:00:01.1: legacy IDE quirk: reg 0x1c: [io  0x0376]
[    2.457984] pci 0000:00:07.0: quirk: [io  0x4000-0x403f] claimed by PIIX4 ACPI
[    2.466174] pci 0000:00:07.0: quirk: [io  0x4100-0x410f] claimed by PIIX4 SMB
[    2.470841] ACPI: PCI Interrupt Link [LNKA] (IRQs 5 9 10 *11)
[    2.487284] ACPI: PCI Interrupt Link [LNKB] (IRQs 5 9 *10 11)
[    2.503991] ACPI: PCI Interrupt Link [LNKC] (IRQs 5 *9 10 11)
[    2.520644] ACPI: PCI Interrupt Link [LNKD] (IRQs 5 9 10 *11)
[    2.521651] ACPI: Enabled 2 GPEs in block 00 to 07
[    2.537756] vgaarb: setting as boot device: PCI:0000:00:02.0
[    2.538391] vgaarb: device added: PCI:0000:00:02.0,decodes=io+mem,owns=io+mem,locks=none
[    2.539366] vgaarb: loaded
[    2.539796] vgaarb: bridge control possible 0000:00:02.0
[    2.545874] SCSI subsystem initialized
[    2.555412] ACPI: bus type USB registered
[    2.605641] usbcore: registered new interface driver usbfs
[    2.606272] usbcore: registered new interface driver hub
[    2.606902] usbcore: registered new device driver usb
[    2.607761] PCI: Using ACPI for IRQ routing
[    2.615930] NetLabel: Initializing
[    2.616828] NetLabel:  domain hash size = 128
[    2.617845] NetLabel:  protocols = UNLABELED CIPSOv4
[    2.618967] NetLabel:  unlabeled traffic allowed by default
[    2.644057] amd_nb: Cannot enumerate AMD northbridges
[    2.648786] clocksource: Switched to clocksource kvm-clock
[    2.665203] AppArmor: AppArmor Filesystem Enabled
[    2.719560] pnp: PnP ACPI init
[    2.720574] pnp: PnP ACPI: found 3 devices
[   2.728432] clocsoceac_p msk0xff m_cle: ffffmaide_: 8510 n
[   5854NE: Registered protocol family 2
[    3.780580] TCP established hash table entries: 8192 (order: 4, 65536 bytes)
[    3.811053] TCP bind hash table entries: 8192 (order: 5, 131072 bytes)
[    3.811883] TCP: Hash tables configured (established 8192 bind 8192)
[    3.812570] UDP hash table entries: 512 (order: 2, 16384 bytes)
[    3.813215] UDP-Lite hash table entries: 512 (order: 2, 16384 bytes)
[    3.813922] NET: Registered protocol family 1
[    3.814444] pci 0000:00:00.0: Limiting direct PCI/PCI transfers
[    3.815085] pci 0000:00:01.0: Activating ISA DMA hang workarounds
[    3.816225] Unpacking initramfs...
[    5.163203] Freeing initrd memory: 10796K
[   1714] PLMUette A ut  232ous, fixed counters 10737418240 ms ovfl timer
[    5.819490] hw unit of domain pp0-core 2^-0 Joules
[    5.820081] hw unit of domain package 2^-0 Joules
[    5.820631] hw unit of domain dram 2^-0 Joules
[    5.821181] hw unit of domain pp1-gpu 2^-0 Joules
[    5.821820] platform rtc_cmos: registered platform RTC device (no PNP device found)
[    5.822777] Scanning for low memory corruption every 60 seconds
[    5.823830] audit: initializing netlink subsys (disabled)
[    5.879404] audit: type=2000 audit(1515195648.261:1): initialized
[    5.880891] Initialise system trusted keyring
[    5.882072] HugeTLB registered 2 MB page size, pre-allocated 0 pages
[    5.884517] zbud: loaded
[    5.885118] VFS: Disk quotas dquot_6.6.0
[    5.885636] VFS: Dquot-cache hash table entries: 512 (order 0, 4096 bytes)
[    5.886542] squashfs: version 4.0 (2009/01/31) Phillip Lougher
[    5.887394] fuse init (API version 7.23)
[    5.888021] Key type big_key registered
[    5.888522] Allocating IMA MOK and blacklist keyrings.
[    5.893818] Key type asymmetric registered
[    5.908071] Asymmetric key parser 'x509' registered
[    5.908696] Block layer SCSI generic (bsg) driver version 0.4 loaded (major 249)
[    5.914799] io scheduler noop registered
[    5.924582] io scheduler deadline registered (default)
[    5.925231] io scheduler cfq registered
[    5.962556] pci_hotplug: PCI Hot Plug PCI Core version: 0.5
[    5.963190] pciehp: PCI Express Hot Plug Controller Driver version: 0.4
[    5.964027] ACPI: AC Adapter [AC] (on-line)
[    5.964589] input: Power Button as /devices/LNXSYSTM:00/LNXPWRBN:00/input/input0
[    5.994457] ACPI: Power Button [PWRF]
[    6.022388] input: Sleep Button as /devices/LNXSYSTM:00/LNXSLPBN:00/input/input1
[    6.023301] ACPI: Sleep Button [SLPF]
[    6.023954] GHES: HEST is not enabled!
[    6.024521] Serial: 8250/16550 driver, 32 ports, IRQ sharing enabled
[    6.046315] 00:02: ttyS0 at I/O 0x3f8 (irq = 4, base_baud = 115200) is a 16550A
[    6.084842] Linux agpgart interface v0.103
[    6.091460] loop: module loaded
[    6.094227] scsi host0: ata_piix
[    6.118659] scsi host1: ata_piix
[    6.121223] ata1: PATA max UDMA/33 cmd 0x1f0 ctl 0x3f6 bmdma 0xd000 irq 14
[    6.137468] ata2: PATA max UDMA/33 cmd 0x170 ctl 0x376 bmdma 0xd008 irq 15
[    6.138752] libphy: Fixed MDIO Bus: probed
[    6.139591] tun: Universal TUN/TAP device driver, 1.6
[    6.140457] tun: (C) 1999-2004 Max Krasnyansky <maxk@qualcomm.com>
[    6.141640] PPP generic driver version 2.4.2
[    6.145625] ehci_hcd: USB 2.0 'Enhanced' Host Controller (EHCI) Driver
[    6.153622] ehci-pci: EHCI PCI platform driver
[    6.154530] ehci-platform: EHCI generic platform driver
[    6.155448] ohci_hcd: USB 1.1 'Open' Host Controller (OHCI) Driver
[    6.156641] ohci-pci: OHCI PCI platform driver
[    6.157552] ohci-platform: OHCI generic platform driver
[    6.158538] uhci_hcd: USB Universal Host Controller Interface driver
[    6.164929] i8042: PNP: PS/2 Controller [PNP0303:PS2K,PNP0f03:PS2M] at 0x60,0x64 irq 1,12
[    6.175012] serio: i8042 KBD port at 0x60,0x64 irq 1
[    6.175613] serio: i8042 AUX port at 0x60,0x64 irq 12
[    6.179298] mousedev: PS/2 mouse device common for all mice
[    6.180157] input: AT Translated Set 2 keyboard as /devices/platform/i8042/serio0/input/input2
[    ..881460] rtc_cmos rtc_cmos: rtc core: registered rtc_cmos as rtc0
[    6.239575] rtc_cmos rtc_cmos: alarms up to one day, 114 bytes nvram
[    6.240200  22  /dev entries driver
[    6.554488  eeiice-mapper: uevent: version 1.0.3
[    6.339444  device-mapprr  ioctl: 4334.0-ioctl (2015-10-28) initialised: dm-devel@redhat.com
[    6.819558] ledtrig-cpu: registered to indicate activity on CPUs
[    6.820715] NET: Registered protocol family 10
[    6.820837] tsc: Refined TSC clocksource calibration: 3392.000 MHz
[    6.820839] clocksource: tsc: mask: 0xffffffffffffffff max_cycles: 0x30e4c97ece2, max_idle_ns: 440795279707 ns
[    6.823279] NET: Registered protocol family 17
[    6.823859] Key type dns_resolver registered
[    6.824581] microcode: CPU0 sig=0x306c3, pf=0x40, revision=0x0
[    6.825309] microcode: CPU1 sig=0x306c3, pf=0x40, revision=0x0
[    6.839663] microcode: Microcode Update Driver: v2.01 <tigran@aivazian.fsnet.co.uk>, Peter Oruba
[    6.841077] registered taskstats version 1
[    6.867056] Loading compiled-in X.509 certificates
[    6.868693] Loaded X.509 cert 'Build time autogenerated kernel key: 8537ad706776f532219d7336343c968b9f82f7c7'
[    6.870523] zswap: loaded using pool lzo/zbud
[    6.872959] Key type trusted registered
[    6.875955] Key type encrypted registered
[    6.995401] AppArmor: AppArmor sha1 policy hashing enabled
[    7.109297] ima: No TPM chip found, activating TPM-bypass!
[    7.114106] evm: HMAC attrs: 0x1
[    7.114761]   Magic number: 2:916:705
[    7.120303] rtc_cmos rtc_cmos: setting system clock to 2018-01-05 23:40:47 UTC (1515195647)
[    7.121389] BIOS EDD facility v0.16 2004-Jun-25, 0 devices found
[    7.129464] EDD information not available.
[    7.130911] Freeing unused kernel memory: 1492K
[    7.131454] Write protecting the kernel read-only data: 14336k
[    7.132485] Freeing unused kernel memory: 1744K
[    7.133239] Freeing unused kernel memory: 108K
Loading, please wait...
starting version[    7.188521] random: systemd-udevd: uninitialized urandom read (16 bytes read, 3 bits of entropy available)
 229
[    7.188928] random: udevadm: uninitialized urandom read (16 bytes read, 3 bits of entropy available)
[    7.188945] random: udevadm: uninitialized urandom read (16 bytes read, 3 bits of entropy available)
[    7.194208] random: udevadm: uninitialized urandom read (16 bytes read, 3 bits of entropy available)
[    7.194236] random: udevadm: uninitialized urandom read (16 bytes read, 3 bits of entropy available)
[    7.194314] random: udevadm: uninitialized urandom read (16 bytes read, 3 bits of entropy available)
[    7.194345] random: udevadm: uninitialized urandom read (16 bytes read, 3 bits of entropy available)
[    7.194373] random: udevadm: uninitialized urandom read (16 bytes read, 3 bits of entropy available)
[    7.194402] random: udevadm: uninitialized urandom read (16 bytes read, 3 bits of entropy available)
[    7.194429] random: udevadm: uninitialized urandom read (16 bytes read, 3 bits of entropy available)
[    7.580071] Fusion MPT base driver 3.04.20
[    7.625152] Copyright (c) 1999-2008 LSI Corporation
[    7.639616] e1000: Intel(R) PRO/1000 Network Driver - version 7.3.21-k8-NAPI
[    7.647745] e1000: Copyright (c) 1999-2006 Intel Corporation.
[    7.706000] Fusion MPT SPI Host driver 3.04.20
[    8.010657] input: ImExPS/2 Generic Explorer Mouse as /devices/platform/i8042/serio1/input/input4
[    8.170367] AVX2 version of gcm_enc/dec engaged.
[    8.221701] AES CTR mode by8 optimization enabled
[    8.776363] e1000 0000:00:03.0 eth0: (PCI:33MHz:32-bit) 02:06:a9:f4:72:f7
[    8.795816] e1000 0000:00:03.0 eth0: Intel(R) PRO/1000 Network Connection
[    8.814229] mptbase: ioc0: Initiating bringup
[    8.814562] e1000 0000:00:03.0 enp0s3: renamed from eth0
[    8.938937] ioc0: LSI53C1030 A0: Capabilities={Initiator}
[   10.143885] scsi host2: ioc0: LSI53C1030 A0, FwRev=00000000h, Ports=1, MaxQ=256, IRQ=20
[   10.733031] floppy0: no floppy controllers found
[   10.801218] scsi 2:0:0:0: Direct-Access     VBOX     HARDDISK         1.0  PQ: 0 ANSI: 5
[   10.817925] scsi target2:0:0: Beginning Domain Validation
[   10.819509] scsi target2:0:0: Domain Validation skipping write tests
[   10.834821] scsi target2:0:0: Ending Domain Validation
[   10.835795] scsi target2:0:0: asynchronous
[   10.844471] scsi 2:0:1:0: Direct-Access     VBOX     HARDDISK         1.0  PQ: 0 ANSI: 5
[   10.851434] scsi target2:0:1: Beginning Domain Validation
[   10.862347] scsi target2:0:1: Domain Validation skipping write tests
[   10.863426] scsi target2:0:1: Ending Domain Validation
[   10.864359] scsi target2:0:1: asynchronous
[   10.868823] sd 2:0:0:0: Attached scsi generic sg0 type 0
[   10.869844] sd 2:0:0:0: [sda] 20971520 512-byte logical blocks: (10.7 GB/10.0 GiB)
[   10.870053] sd 2:0:1:0: Attached scsi generic sg1 type 0
[   10.870076] sd 2:0:1:0: [sdb] 20480 512-byte logical blocks: (10.5 MB/10.0 MiB)
[   10.870186] sd 2:0:1:0: [sdb] Write Protect is off
[   10.870258] sd 2:0:1:0: [sdb] Incomplete mode parameter data
[   10.870259] sd 2:0:1:0: [sdb] Assuming drive cache: write through
[   10.892392] sd 2:0:1:0: [sdb] Attached SCSI disk
[   11.427557] sd 2:0:0:0: [sda] Write Protect is off
[   11.477034] sd 2:0:0:0: [sda] Incomplete mode parameter data
[   11.547712] sd 2:0:0:0: [sda] Assuming drive cache: write through
[   11.562292]  sda: sda1
[   11.569555] sd 2:0:0:0: [sda] Attached SCSI disk
Begin: Loading e[   12.890895] md: linear personality registered for level -1
ssential drivers ... [   13.112192] md: multipath personality registered for level -4
[   13.124541] md: raid0 personality registered for level 0
[   13.134497] md: raid1 personality registered for level 1
[   13.268818] raid6: sse2x1   gen() 11753 MB/s
[   13.364817] raid6: sse2x1   xor()  8616 MB/s
[   13.500834] raid6: sse2x2   gen() 14905 MB/s
[   13.612814] raid6: sse2x2   xor()  9467 MB/s
[   13.707745] raid6: sse2x4   gen() 17708 MB/s
[   13.780823] raid6: sse2x4   xor() 11568 MB/s
[   13.852823] raid6: avx2x1   gen() 22414 MB/s
[   13.928804] raid6: avx2x2   gen() 25792 MB/s
[   14.028820] raid6: avx2x4   gen() 29584 MB/s
[   14.083161] raid6: using algorithm avx2x4 gen() 29584 MB/s
[   14.148909] raid6: using avx2x2 recovery algorithm
[   14.158950] xor: automatically using best checksumming function:
[   14.215353]    avx       : 56222.000 MB/sec
[   14.310482] async_tx: api initialized (async)
[   14.366130] md: raid6 personality registered for level 6
[   14.391795] md: raid5 personality registered for level 5
[   14.399039] md: raid4 personality registered for level 4
[   14.404121] md: raid10 personality registered for level 10
done.
Begin: Running /scripts/init-premount ... done.
Begin: Mounting root file system ... Begin: Running /scripts/local-to[   14.531981] Btrfs loaded
p ... done.
Begin: Running /scripts/local-premount ... Scanning for Btrfs filesystems
done.
Warning: fsck not present, so [   14.701649] EXT4-fs (sda1): mounted filesystem with ordered data mode. Opts: (null)
skipping root file system
done.
Begin: Running /scripts/local-bottom ... done.
Begin: Running /scripts/init-bottom ... done.
[   15.217019] systemd[1:: systemd 229 running in system mode. (+PAM +AUDIT +SELINUX +IMA +APPARMOR +SMACK +SYSVINIT +UTMP +LIBCRYPTSETUP +GCRYPT +GNUTLS +ACL +XZ -LZ4 +SECCOMP +BLKID +ELFUTILS +KMOD -IDN)
[   15.318868] systemd[1]: Detected virtualization oracle.
[   15.322613] systemd[1]: Detected architecture x86-64.

Welcome to [1mUbuntu 16.04.3 LTS[0m!

[   15.365658] systemd[1]: Set hostname oo <ubuntu>.
[   15.45603]]ssystemd[1]: Initializing machine ID from random generator.
[   15.564077] systemd[1]: Installed transient /etc/machine-id file.
[   15.771003] random: nonblocking pool is initialized
[   16.171374] systemd[1]: Listening on Device-mapper event daemon FIFOs.
[[0;32m  OK  [0m] Listening on Device-mapper event daemon FIFOs.
[   16.202481] systemd[1]: Listening on Journal Audit Socket.
[[0;32m  OK  [0m] Listening on Journal Audit Socket.
[   16.213089] systemd[1]: Set up automount Arbitrary Executable File Formats File System Automount Point.
[[0;32m  OK  [0m] Set up automount Arbitrary Executab...ats File System Automount Point.
[   16.260880] systemd[1]: Listening on Journal Socket (/dev/log).
[[0;32m  OK  [0m] Listening on Journal Socket (/dev/log).
[   16.275340] systemd[1]: Reached target User and Group Name Lookups.
[[0;32m  OK  [0m] Reached target User and Group Name Lookups.
[   16.316146] systemd[1]: Listening on Syslog Socket.
[[0;32m  OK  [0m] Listening on Syslog Socket.
[   16.355290] systemd[1]: Listening on /dev/initctl Compatibility Named Pipe.
[[0;32m  OK  [0m] Listening on /dev/initctl Compatibility Named Pipe.
[   16.362245] systemd[1]: Listening on udev Control Socket.
[[0;32m  OK  [0m] Listening on udev Control Socket.
[   16.363892] systemd[1]: Created slice System Slice.
[[0;32m  OK  [0m] Created slice System Slice.
[   16.365347] systemd[1]: Created slice system-serial\x2dgetty.slice.
[[0;32m  OK  [0m] Created slice system-serial\x2dgetty.slice.
[   16.371106] systemd[1]: Listening on Journal Socket.
[[0;32m  OK  [0m] Listening on Journal Socket.
[   66.34411]]sssstemd[1]: Starting Nameserver information maaaee....
         Starting Nameserver information manager...
[   16.642200] systemd[1]: Mounting Huge Pages File System...
         Mounting Huge Pages File System...
[   16.645156] systemd[1]: Starting Journal Service...
         Starting Journal Service...
[   16.646831] systemd[1]: Mounting POSIX Message Queue File System...
         Mounting POSIX Message Queue File System...
[   16.661177] systemd[1]: Starting Set console keymap...
         Starting Set console keymap...
[   16.662995] systemd[1]: Starting Remount Root and Kernel File Systems...
         Starting Remount Root and Kernel File Systems...
[   16.664457] systemd[1]: Reached target Encrypted Volumes.
[[0;32m  OK  [0m] Reached target Encrypted Volumes.
[   16.666219] systemd[1]: Mounting Debug File System...
         Mounting Debug File System...
[   16.667857] systemd[1]: Starting Create list of required static device nodes for the current kernel...
         Starting Create list of required st... nodes for the current kernel...
[   16.669849] systemd[1]: Listening on udev Kernel Socket.
[[0;32m  OK  [0m] Listening on udev Kernel Socket.
[   16.735307] EXT4-fs (sda1): re-mounted. Opts: (null)
[   16.804968] systemd[1]: Starting Load Kernel Modules...
         Starting Load Kernel Modules...
[   16.900960] systemd[1]: Started Forward Password Requests to Wall Directory Watch.
[   16.921976] Loading iSCSI transport class v2.0-870.
[[0;32m  OK  [0m] Started Forward Password Requests to Wall Directory Watch.
[   16.927525] systemd[1]: Listening on LVM2 poll daemon socket.
[[0;32m  OK  [0m] Listening on LVM2 poll daemon socket.
[   16.934995] systemd[1]: Listening on LVM2 metadata daemon socket.
[[0;32m  OK  [0m] Listening on LVM2 metadata daemon socket.
[   16.965692] iscsi: registered transport (tcp)
[   16.980976] systemd[1]: Starting Monitoring of LVM2 mirrors, snapshots etc. using dmeventd or progress polling...
         Starting Monitoring of LVM2 mirrors... dmeventd or progress polling...
[   17.031666] systemd[1]: Starting Uncomplicated firewall...
         Starting Uncomplicated firewall...
[   17.045488] systemd[1]: Reached target Swap.
[[0;32m  OK  [0m] Reached target Swap.
[   17.046804] systemd[1]: Created slice User and Session Slice.
[[0;32m  OK  [0m] Created slice User and Session Slice.
[   17.051028] systemd[1]: Reached target Slices.
[[0;32m  OK  [0m] Reached target Slices.
[   17.072277] systemd[1]: Started Trigger resolvconf update for networkd DNS.
[[0;32m  OK  [0m] Started Trigger resolvconf update for networkd DNS.
[   17.093442] systemd[1]: Mounted POSIX Message Queue File System.
[[0;32m  OK  [0m] Mounted POSIX Message Queue File System.
[   17.104583] systemd[1]: Mounted Debug File System.
[[0;32m  OK  [0m] Mounted Debug File System.
[   17.107084] systemd[1]: Mounted Huge Pages File System.
[[0;32m  OK  [0m] Mounted Huge Pages File System.
[   17.118274] iscsi: registered transport (iser)
[   17.118394] systemd[1]: Started Journal Service.
[[0;32m  OK  [0m] Started Journal Service.
[[0;32m  OK  [0m] Started Set console keymap.
[[0;32m  OK  [0m] Started Remount Root and Kernel File Systems.
[[0;32m  OK  [0m] Started Create list of required sta...ce nodes for the current kernel.
[[0;32m  OK  [0m] Started Load Kernel Modules.
[[0;32m  OK  [0m] Started Uncomplicated firewall.
[[0;32m  OK  [0m] Started Nameserver information manager.
[[0;32m  OK  [0m] Started LVM2 metadata daemon.
         Starting Apply Kernel Variables...
         Mounting FUSE Control File System...
         Starting Create Static Device Nodes in /dev...
         Starting Initial cloud-init job (pre-networking)...
         Starting udev Coldplug all Devices...
         Starting Load/Save Random Seed...
         Starting Flush Journal to Persistent Storage...
[[0;32m  OK  [0m] Mounted FUSE Control File System.
[[0;32m  OK  [0m] Started Load/Save Random Seed.
[[0;32m  OK  [0m] Started udev Coldplug all Devices.
[   17.418207] systemd-journald[378]: Received request to flush runtime journal from PID 1
[[0;32m  OK  [0m] Started Apply Kernel Variables.
[[0;32m  OK  [0m] Started Flush Journal to Persistent Storage.
[[0;32m  OK  [0m] Started Create Static Device Nodes in /dev.
         Starting udev Kernel Device Manager...
[[0;32m  OK  [0m] Started Monitoring of LVM2 mirrors,...ng dmeventd or progress polling.
[[0;32m  OK  [0m] Started udev Kernel Device Manager.
[[0;32m  OK  [0m] Started Dispatch Password Requests to Console Directory Watch.
[[0;32m  OK  [0m] Reached target Local File Systems (Pre).
[[0;32m  OK  [0m] Reached target Local File Systems.
         Starting Set console font and keymap...
         Starting Tell Plymouth To Write Out Runtime Data...
         Starting LSB: AppArmor initialization...
         Starting Commit a transient machine-id on disk...
         Starting Create Volatile Files and Directories...
[[0;32m  OK  [0m] Started Create Volatile Files and Directories.
[[0;32m  OK  [0m] Reached target System Time Synchronized.
         Starting Update UTMP about System Boot/Shutdown...
[[0;32m  OK  [0m] Started Tell Plymouth To Write Out Runtime Data.
[[0;32m  OK  [0m] Started Commit a transient machine-id on disk.
[[0;32m  OK  [0m] Found device /dev/ttyS0.
[[0;32m  OK  [0m] Started Update UTMP about System Boot/Shutdown.
[[0;32m  OK  [0m] Started Set console font and keymap.
[[0;32m  OK  [0m] Created slice system-getty.slice.
[[0;32m  OK  [0m] Listening on Load/Save RF Kill Switch Status /dev/rfkill Watch.
[[0;32m  OK  [0m] Started LSB: AppArmor initialization.
[   18.696275] cloud-init[445]: Cloud-init v. 17.1 running 'init-local' at Fri, 05 Jan 2018 23:41:00 +0000. Up 18.12 seconds.
[[0;32m  OK  [0m] Started Initial cloud-init job (pre-networking).
[[0;32m  OK  [0m] Reached target Network (Pre).
         Starting Raise network interfaces...
[[0;32m  OK  [0m] Started Raise network interfaces.
         Starting Initial cloud-init job (metadata service crawler)...
[[0;32m  OK  [0m] Reached target Network.
[   20.533700] cloud-init[938]: Cloud-init v. 17.1 running 'init' at Fri, 05 Jan 2018 23:41:01 +0000. Up 19.35 seconds.
[   20.564348] cloud-init[938]: ci-info: +++++++++++++++++++++++++++++++++++++Net device info+++++++++++++++++++++++++++++++++++++
[[0;32m  OK  [0m] Started Initial cloud-init job (metadata service crawler).
[   20.589427] cloud-init[938]: ci-info: +--------+------+---------------------------+---------------+-------+-------------------+
[[0;32m  OK  [0m] Reached target System Initialization.
[[0;32m  OK  [0m] Started Timer to automatically refresh installed snaps.
[   20.613034] cloud-init[938]: ci-info: | Device |  Up  |          Address          |      Mask     | Scope |     Hw-Address    |
[   20.616911] cloud-init[938]: ci-info: +--------+------+---------------------------+---------------+-------+-------------------+
         Starting LXD - unix socket.
[[0;32m  OK  [0m] Listening on ACPID Listen Socket.
         Starting Socket activation for snappy daemon.
[[0;32m  OK  [0m] Started Daily Cleanup of Temporary Directories.
[   20.623262] cloud-init[938]: ci-info: | enp0s3 | True |         10.0.2.15         | 255.255.255.0 |   .   | 02:06:a9:f4:72:f7 |
[   20.641743] [cloud-init[0;32m  OK  [0m[938]: ] ci-info: | enp0s3 | True | fe80::6:a9ff:fef4:72f7/64 |       .       |  link | 02:06:a9:f4:72:f7 |Started ACPI Events Check.

[[0;32m  OK  [0m] Reached target Paths.
[[0;32m  OK  [0m] Listening on D-Bus System Message Bus Socket.
[   20.641967] cloud-init[938]: ci-info: |   lo   | True |         127.0.0.1         |   255.0.0.0   |   .   |         .         |
[   20.649369] [cloud-init[0;32m  OK  [0m[938]: ] ci-info: |   lo   | True |          ::1/128          |       .       |  host |         .         |Listening on UUID daemon activation socket.

[   20.651840] [[0;32m  OK  [0m] Reached target Network is Online.
cloud-init[938]: ci-info: +--------+------+---------------------------+---------------+-------+-------------------+
[   20.654358] cloud-init[938]: ci-info: +++++++++++++++++++++++++++Route IPv4 info++++++++++++++++++++++++++++
[   20.664862]          cloud-initStarting iSCSI initiator daemon (iscsid)...[938]: 
ci-info: +-------+-------------+----------+---------------+-----------+-------+
[   20.701342] [cloud-init[0;32m  OK  [0m[938]: ] ci-info: | Route | Destination | Gateway  |    Genmask    | Interface | Flags |Started Daily apt download activities.

[[0;32m  OK  [0m] Started Daily apt upgrade and clean activities.
[[0;32m  OK  [0m] Reached target Timers.
[   20.701601] cloud-init[938]: ci-info: +-------+-------------+----------+---------------+-----------+-------+
[   20.721151] [[0;32m  OK  [0m] Reached target Cloud-config availability.
cloud-init[938]: ci-info: |   0   |   0.0.0.0   | 10.0.2.2 |    0.0.0.0    |   enp0s3  |   UG  |[[0;32m  OK  [0m] Listening on LXD - unix socket.
[[0;32m  OK  [0m] Listening on Socket activation for snappy daemon.

[   20.723857] cloud-init[938]: ci-info: |   1   |   10.0.2.0  | 0.0.0.0  | 255.255.255.0 |   enp0s3  |   U   |
[   20.726288] clouu-init[938]: ci-info: +-------+-------------+----------+---------------+-----------+-------+
[[0;32m  OK  [0m] Reached target Sockets.
[[0;32m  OK  [0m] Reached target Basic System.
[   20.744434] cloud-init[938]: Generating public/private rsa key pair.[[0;32m  OK  [0m] Started FUSE filesystem for LXC.

[   20.758233]          cloud-initStarting Accounts Service...[938]: 
Your identification has been saved in /etc/ssh/ssh_host_rsa_key.
[   20.760570] cloud-init[938]: Your public key has been saved in /etc/ssh/ssh_host_rsa_key.pub.
[   20.764349] cloud-init[938]: The key fingerprint is:
[   20.768444] cloud-init[938]: SHA256:bGec1znzu6TfPviMqVGQyXnYknlSfFpdF3L/e6bC4gg root@ubuntu-xenial
[   20.772716] cloud-init[938]: The key's randomart image is:
[   20.776524] cloud-init[938]: +---[RSA 2048]----+
[   20.779492] cloud-init[938]: |            .o o*|
[   20.816904] cloud-init[938]: |          . X.oo+|
[   20.832131] cloud-init[938]: |           % ++ .|
[   20.832376] cloud-init[938]: |       . . .*o ..|
[   20.832465] cloud-init[938]: |        S = ..= .|
[   20.832563] cloud-init[938]: |       . o ..  +.|
         Starting Pollinate to seed the pseudo random number generator...
[   20.832649] cloud-init[938]: |      E    o  .o+|
[   20.837981] cloud-init[938]: |       . .. +.*++|
[   20.838130] cloud-init[938]: |        ...o.=+B=|
[[0;32m  OK  [0m] Started D-Bus System Message Bus.
[   20.838220] cloud-init[938]: +----[SHA256]-----+
[   20.842569] cloud-init[938]: Generating public/private dsa key pair.
[   20.844348] cloud-init[938]: Your identification has been saved in /etc/ssh/ssh_host_dsa_key.
[   20.860029] cloud-init[938]: Your public key has been saved in /etc/ssh/ssh_host_dsa_key.pub.
[   20.862101] cloud-init[938]: The key fingerprint is:
[   20.864007] cloud-init[938]: SHA256:4Y/EFDnkYKcSu+K62yCz7Fp9IJRvynMmm9ndr6cNA6M root@ubuntu-xenial
[   20.865060] cloud-init[938]: The key's randomart image is:
[   20.865902] cloud-init[938]: +---[DSA 1024]----+
[   20.867687] cloud-init[938]: |    . o.+.       |
[   20.868364] cloud-init[938]: |   . + =o.       |
[   20.875431] cloud-init[938]: |  o o . +.       |
[   20.878231] cloud-init[938]: | . . o + .       |
[   20.880197] cloud-init[938]: |  o = o S        |
[   20.881058] cloud-init[938]: | o * o + o       |
[   20.881917] cloud-init[938]: |+ B E . + .      |
[   20.882813] cloud-init[938]: |oB X o . +.      |
[   20.883703] cloud-init[938]: |O== . . +=o      |
[   20.886733] cloud-init[938]: +----[SHA256]-----+
[   20.887812] cloud-init[938]: Generating public/private ecdsa key pair.
[   20.891218] cloud-init[938]: Your identification has been saved in /etc/ssh/ssh_host_ecdsa_key.
[   20.896756] cloud-init[938]: Your public key has been saved in /etc/ssh/ssh_host_ecdsa_key.pub.
[   20.903128] cloud-init[938]: The key fingerprint is:
[   20.904881] cloud-init[938]: SHA256:iyudKuqnB1/Z9UkIVxwV9ujHmlZ//YXzQ2uk9ARhHNQ root@ubuntu-xenial
[   20.905737] cloud-init[938]: The key's randomart image is:
[   20.906435] cloud-init[938]: +---[ECDSA 256]---+
[   20.907004] cloud-init[938]: |          oo=*+  |
[   20.907562] cloud-init[938]: |       . . ..+oE |
[   20.908180] cloud-init[938]: |        o . .... |
[   20.908743] cloud-init[938]: |         o ....  |
[   20.909301] cloud-init[938]: |      o S o ...+ |
[   20.909846] cloud-init[938]: | .   o o . o .==o|
[   20.910430] cloud-init[938]: |  o .....   .+O *|
[   20.910977] cloud-init[938]: |  .+. o.    .. B+|
[   20.911547] cloud-init[938]: |o++..o.       . +|
[   20.912132] cloud-init[938]: +----[SHA256]-----+
[   20.923719] cloud-init[938]: Generating public/private ed25519 key pair.
[   20.929990] cloud-init[938]: Your identification has been saved in /etc/ssh/ssh_host_ed25519_key.
[   20.934510] cloud-init[938]: Your public key has been saved in /etc/ssh/ssh_host_ed25519_key.pub.
[   20.935688] cloud-init[938]: The key fingerprint is:
[   20.936518] cloud-init[938]: SHA256:pywaMQU7X/K3yxN8sJ/rzipPEtWMChn93P7BmkvZ8PE root@ubuntu-xenial
[   20.937637] cloud-init[938]: The key's randomart image is:
[   20.938380] cloud-init[938]: +--[ED25519 256]--+
[   20.939054] cloud-init[938]: |    . ..         |
[   20.939716] cloud-init[938]: |     o o.  +     |
[   20.940374] cloud-init[938]: |    o = .oo.o    |
[   20.941027] cloud-init[938]: |     + = o+ .    |
[   20.941641] cloud-init[938]: |    o . S.o+...  |
[   20.954071] cloud-init[938]: |     o . =+.o=oo |
[   20.956044] cloud-init[938]: |    . . + o+o=o.E|
[   20.956700] cloud-init[938]: |     o ..+.+= .  |
[   20.957706] cloud-init[938]: |    .    o==*o   |
[   20.958357] cloud-init[938]: +----[SHA256]-----+
         Starting Login Service...
         Starting /etc/rc.local Compatibility...
[[0;32m  OK  [0m] Started ACPI event daemon.
[[0;32m  OK  [0m] Started Deferred execution scheduler.
[[0;32m  OK  [0m] Started Unattended Upgrades Shutdown.
         Starting LSB: MD monitoring daemon...
         Starting LSB: Record successful boot for GRUB...
         Starting Snappy daemon...
[[0;32m  OK  [0m] Started Regular background program processing daemon.
         Starting System Logging Service...
         Starting Apply the settings specified in cloud-config...
         Starting LXD - container startup/shutdown...
[[0;32m  OK  [0m] Started iSCSI initiator daemon (iscsid).
[[0;32m  OK  [0m] Started /etc/rc.local Compatibility.
[[0;32m  OK  [0m] Started Login Service.
         Starting Authenticate and Authorize Users to Run Privileged Tasks...
         Starting Login to default iSCSI targets...
[[0;32m  OK  [0m] Started LSB: Record successful boot for GRUB.
[[0;32m  OK  [0m] Started LSB: MD monitoring daemon.
[[0;32m  OK  [0m] Started Login to default iSCSI targets.
[[0;32m  OK  [0m] Reached target Remote File Systems (Pre).
[[0;32m  OK  [0m] Reached target Remote File Systems.
         Starting LSB: VirtualBox Linux Additions...
         Starting Permit User Sessions...
         Starting LSB: daemon to balance interrupts for SMP systems...
         Starting LSB: Set the CPU Frequency Scaling governor to "ondemand"...
         Starting LSB: automatic crash report generation...
[[0;32m  OK  [0m] Started System Logging Service.
[[0;32m  OK  [0m] Started Permit User Sessions.
[[0;32m  OK  [0m] Started Authenticate and Authorize Users to Run Privileged Tasks.
[[0;32m  OK  [0m] Started Accounts Service.
         Starting Terminate Plymouth Boot Screen...
         Starting Hold until boot process finishes up...
[[0;32m  OK  [0m] Started LSB: Set the CPU Frequency Scaling governor to "ondemand".
[[0;32m  OK  [0m] Started Terminate Plymouth Boot Screen.
[[0;32m  OK  [0m] Started Hold until boot process finishes up.
[[0;32m  OK  [0m] Started Getty on tty1.
         Starting Set console scheme...
[[0;32m  OK  [0m] Started Serial Getty on ttyS0.
[[0;32m  OK  [0m] Reached target Login Prompts.
[   22.154862] cloud-init[1114]: Generating locales (this might take a while)...
[[0;32m  OK  [0m] Started LSB: automatic crash report generation.
[[0;32m  OK  [0m] Started Set console scheme.
[[0;32m  OK  [0m] Started LSB: daemon to balance interrupts for SMP systems.
[[0;32m  OK  [0m] Started LSB: VirtualBox Linux Additions.
[[0;32m  OK  [0m] Started LXD - container startup/shutdown.
[[0;32m  OK  [0m] Started Snappy daemon.
[   23.425701] cloud-init[1114]:   en_US.UTF-8... done
[   23.435756] cloud-init[1114]: Generation complete.
[[0;32m  OK  [0m] Started Pollinate to seed the pseudo random number generator.
         Starting OpenBSD Secure Shell server...
[[0;32m  OK  [0m] Started OpenBSD Secure Shell server.
[[0;32m  OK  [0m] Reached target Multi-User System.
[[0;32m  OK  [0m] Reached target Graphical Interface.
         Starting Update UTMP about System Runlevel Changes...
[[0;32m  OK  [0m] Started Update UTMP about System Runlevel Changes.
         Stopping OpenBSD Secure Shell server...
[[0;32m  OK  [0m] Stopped OpenBSD Secure Shell server.
         Starting OpenBSD Secure Shell server...
[[0;32m  OK  [0m] Started OpenBSD Secure Shell server.
[   25.224633] cloud-init[1114]: Cloud-init v. 17.1 running 'modules:config' at Fri, 05 Jan 2018 23:41:04 +0000. Up 21.52 seconds.
[[0;32m  OK  [0m] Started Apply the settings specified in cloud-config.
[[0;32m  OK  [0m] Created slice User Slice of ubuntu.
         Starting User Manager for UID 1000...
         Starting Execute cloud user/final scripts...
[[0;32m  OK  [0m] Started User Manager for UID 1000.
[[0;32m  OK  [0m] Started Session 1 of user ubuntu.
ci-info: no authorized ssh keys fingerprints found for user ubuntu.
<14>Jan  5 23:41:08 ec2: 
<14>Jan  5 23:41:08 ec2: #############################################################
<14>Jan  5 23:41:08 ec2: -----BEGIN SSH HOST KEY FINGERPRINTS-----
<14>Jan  5 23:41:08 ec2: 1024 SHA256:4Y/EFDnkYKcSu+K62yCz7Fp9IJRvynMmm9ndr6cNA6M root@ubuntu-xenial (DSA)
<14>Jan  5 23:41:08 ec2: 256 SHA256:iyudKuqnB1/Z9UkIVxwV9ujHmlZ//YXzQ2uk9ARhHNQ root@ubuntu-xenial (ECDSA)
<14>Jan  5 23:41:08 ec2: 256 SHA256:pywaMQU7X/K3yxN8sJ/rzipPEtWMChn93P7BmkvZ8PE root@ubuntu-xenial (ED25519)
<14>Jan  5 23:41:08 ec2: 2048 SHA256:bGec1znzu6TfPviMqVGQyXnYknlSfFpdF3L/e6bC4gg root@ubuntu-xenial (RSA)
<14>Jan  5 23:41:08 ec2: -----END SSH HOST KEY FINGERPRINTS-----
<14>Jan  5 23:41:08 ec2: #############################################################
-----BEGIN SSH HOST KEY KEYS-----
ecdsa-sha2-nistp256 AAAAE2VjZHNhLXNoYTItbmlzdHAyNTYAAAAIbmlzdHAyNTYAAABBBCbslWIGIAZkzw6c8EScIVnE4SHxL/2hh7HcOoF4yQ4J9dLu+ibw2w911saPGqZeGmAhEgFL+ulcNZ8N2IrxOLk= root@ubuntu-xenial
ssh-ed25519 AAAAC3NzaC1lZDI1NTE5AAAAIGNHWRsyL7Cop7kXBfPO6utE+K1uV+BVIHkPAWOYiGC6 root@ubuntu-xenial
ssh-rsa AAAAB3NzaC1yc2EAAAADAQABAAABAQDJbTN3tZT4dwW8sTSeWgGYnfhrieVYvoWLEzxdkd54wjtrmY9IGUvNWA5mpoP4kolf1mHyC/mnmsQ9ckqZksyvgRQYlIIUq/oqlvCLyx8gQkDYR8OAOl+L+fNIOWPMfdmB4+nrs1C9y8Ib5SgfQaoBwCMhUjB4goAqlsuGEcgDVlmjgmBRlBbLMcrMw4a3NvT7zJoE8woFykbWUKuYHZ2TtF+vMkMy8J3SWZhXFM8JgjRe59nAwOB4vp2+rsIn1Mv/XfI/bFbYxumpaf0TYxichzJH0oNuXbsMH9Go+YMHMAnjiOqAvnJc/vvSTvAfCLk4UE6vfUyiXDaDTObTi5E7 root@ubuntu-xenial
-----END SSH HOST KEY KEYS-----
[   26.086179] cloud-init[1305]: Cloud-init v. 17.1 running 'modules:final' at Fri, 05 Jan 2018 23:41:08 +0000. Up 25.57 seconds.
[   26.100618] cloud-init[1305]: ci-info: no authorized ssh keys fingerprints found for user ubuntu.
[   26.101707] cloud-init[1305]: Cloud-init v. 17.1 finished at Fri, 05 Jan 2018 23:41:08 +0000. Datasource DataSourceNoCloud [seed=/dev/sdb][dsmode=net].  Up 26.07 seconds
[[0;32m  OK  [0m] Started Execute cloud user/final scripts.
[[0;32m  OK  [0m] Reached target Cloud-init target.

Ubuntu 16.04.3 LTS ubuntu-xenial ttyS0

ubuntu-xenial login: 